commit 406ea7b284f4b0f4413703225f7c1deb5aa3a86c
Merge: 9844099 533f0e2
Author: Luis Delorenzi <120606015+luisdelo97@users.noreply.github.com>
Date:   Sat May 20 22:57:02 2023 -0400

    Merge pull request #1 from luidelor97/readme-luidelor
    
    Readme luidelor

commit 533f0e229f06899aecbd51c8eed0b469133256db
Merge: 124bfcb 9844099
Author: Luis Delorenzi <120606015+luisdelo97@users.noreply.github.com>
Date:   Sat May 20 22:56:40 2023 -0400

    Merge branch 'main' into readme-luidelor

commit 124bfcb6471f8803fd42d0e3bb8fca02264a1e93
Author: Luis Delorenzi 2 <metalucario97@gmail.com>
Date:   Sat May 20 22:41:45 2023 -0400

    haciendo nejoras al readme del repositorio

commit 9844099555c6ac30f0c7d8f327d28f483946eecc
Author: Luis Delorenzi <ldelorenzi@fiuna.edu.py>
Date:   Sat May 20 22:07:58 2023 -0400

    test 7

commit 2606f09836a721bf9a1bc8bf2fdc81f289474c00
Author: Luis Delorenzi <metalucario97@gmail.com>
Date:   Sat May 20 22:04:23 2023 -0400

    test 6

commit 2d9b1d82e806db00b627545fd1242fdba5f9d6f4
Author: Luis Delorenzi 2 <metalucario97@gmail.com>
Date:   Sat May 20 22:03:06 2023 -0400

    test

commit 8c71d6e75f0958fa2ffdb78b5cd73167507a2549
Author: Luis Delorenzi <metalucario97@gmail.com>
Date:   Sat May 20 21:46:57 2023 -0400

    test 5

commit 795d4a5da484901314ef03003a54170d55370ea0
Author: Luis Delorenzi 2 <metalucario97@gmail.com>
Date:   Sat May 20 21:38:55 2023 -0400

    test 4

commit decfff38ebc12ce1a46c744c4fed45aedfa23734
Author: Luis Delorenzi <ldelorenzi@fiuna.edu.py>
Date:   Sat May 20 21:34:28 2023 -0400

    test 3

commit 6f819dbe4af63e09c55f60172894f74f4a64272d
Author: Luis Delorenzi <metalucario97@gmail.com>
Date:   Sat May 20 21:26:55 2023 -0400

    test 2

commit 813bc5235478466034890dfc02b6f31940afcc3d
Author: Luis Delorenzi 2 <metalucario97@gmail.com>
Date:   Sat May 20 21:20:42 2023 -0400

    test 1

commit 7abdc15db75a70a30067d6d2be0b45a2595ddda7
Author: Luis Delorenzi 2 <metalucario97@gmail.com>
Date:   Sat May 20 21:09:08 2023 -0400

    test

commit 20ea257ffaf2dda50edafc83b4e50cd46b255ef1
Author: Luis Delorenzi <ldelorenzi@fiuna.edu.py>
Date:   Sat May 20 17:49:34 2023 -0400

    Agregando cambios al main prueba

commit d4dbbee64d58c039f140aac65b2a95fb8a1cd4c0
Author: Luis Delorenzi 2 <metalucario97@gmail.com>
Date:   Sat May 20 17:28:26 2023 -0400

    commit 2

commit 5006e32a6e301a0018f33fbcb3ce46117067e822
Author: Luis Delorenzi 2 <metalucario97@gmail.com>
Date:   Sat May 20 13:19:19 2023 -0400

    Cambio de la segunda cuenta de git

commit 530db834121ed35e32a3dc5e2b95893c04170f37
Author: Luis Delorenzi <ldelorenzi@fiuna.edu.py>
Date:   Sat May 20 00:47:16 2023 -0400

    Agregando git-flow image

commit d365013f991ae5d43b76ac70972fdeff67a5bafc
Author: Luis Delorenzi <ldelorenzi@fiuna.edu.py>
Date:   Sat May 20 00:20:17 2023 -0400

    v1.0.0

commit da18f2e032e28425afae99b859d10975d804b397
Author: Luis Delorenzi <ldelorenzi@fiuna.edu.py>
Date:   Fri May 19 15:11:56 2023 -0400

    Respaldando logs en el repisitorio

commit 6b70515ed86cba65a49e427e03768f5041fd25e4
Author: Luis Delorenzi <ldelorenzi@fiuna.edu.py>
Date:   Fri May 19 11:55:48 2023 -0400

    Amendando otro parrafo

commit c688febe1058629df0edd2871323493ae6530e29
Merge: 0130624 2df724b
Author: Luis Delorenzi <ldelorenzi@fiuna.edu.py>
Date:   Fri May 19 11:52:04 2023 -0400

    Resolviendo conflicto de estaciones del año

commit 01306248e3824cf1940c6111e5c14583105c9802
Author: Luis Delorenzi <ldelorenzi@fiuna.edu.py>
Date:   Fri May 19 11:05:18 2023 -0400

    Agregando estaciones del año con fecha

commit 2df724b0cdfb9b82402e00483b0ae3a7489afa3e
Author: Luis Delorenzi <ldelorenzi@fiuna.edu.py>
Date:   Fri May 19 11:05:18 2023 -0400

    Agregando las estaciones del año(pero sin inviernoD)

commit 0c1573e7d39c70ae5a1684a379016b89290584da
Merge: 8155103 d83a5ac
Author: Luis Delorenzi <ldelorenzi@fiuna.edu.py>
Date:   Fri May 19 10:29:18 2023 -0400

    Resolviendo conflicto merge main/html en el doc index.html

commit d83a5ac7e42308ec57db8e03919a7bbf76589f1d
Author: Luis Delorenzi <ldelorenzi@fiuna.edu.py>
Date:   Fri May 19 10:21:12 2023 -0400

    Agregando index.js al index.html

commit 8155103adb976dd1c6d7143bc2e2591655979337
Author: Luis Delorenzi <ldelorenzi@fiuna.edu.py>
Date:   Fri May 19 10:16:08 2023 -0400

    Agregando style.css al index.html

commit 1bab48a5c8362343e754f3b60d7b60cba9fd0af8
Merge: f8ae80b c1e1456
Author: Luis Delorenzi <ldelorenzi@fiuna.edu.py>
Date:   Fri May 19 09:22:41 2023 -0400

    Merge branch 'js'

commit c1e1456989fc627c20799666223042086e6b8cbc
Author: Luis Delorenzi <ldelorenzi@fiuna.edu.py>
Date:   Fri May 19 09:14:40 2023 -0400

    Creando index.js

commit f8ae80b1a804c6c31703c674ad90ec978d5b3c4e
Author: Luis Delorenzi <ldelorenzi@fiuna.edu.py>
Date:   Fri May 19 09:07:22 2023 -0400

    Crando style.css

commit ded4944b8251d83855f08a66830255a022e4d5d0
Author: Luis Delorenzi <ldelorenzi@fiuna.edu.py>
Date:   Fri May 19 09:00:34 2023 -0400

    Creando index.html

commit 91b5d46c781fc02c999026514accb48216521e4c
Author: Luis Delorenzi <ldelorenzi@fiuna.edu.py>
Date:   Thu May 18 21:49:40 2023 -0400

    Ignorar .exe

commit fed32db7ed0f4ff142c2ce8f6a957bad7b3c1a6b
Author: Luis Delorenzi <120606015+luisdelo97@users.noreply.github.com>
Date:   Thu May 18 20:24:41 2023 -0400

    Creando mi primera licencia del reporitorio

commit 625ce264f46ca94e0346df2014739884e0dc8219
Author: Luis Delorenzi <ldelorenzi@fiuna.edu.py>
Date:   Thu May 18 20:15:42 2023 -0400

    Agregando mas contenido al README

commit bd1e3c992400a06b039a6bfb78ca5149823adee4
Author: Luis Delorenzi <ldelorenzi@fiuna.edu.py>
Date:   Thu May 18 20:01:29 2023 -0400

    Agregando contenido al README con -m

commit 8e7f146838fb70493b90eae66583fb4970db63e5
Author: Luis Delorenzi <ldelorenzi@fiuna.edu.py>
Date:   Thu May 18 19:53:04 2023 -0400

    Primer commit Luis Delorenzi 😎
