*   406ea7b Merge pull request #1 from luidelor97/readme-luidelor
|\  
| *   533f0e2 Merge branch 'main' into readme-luidelor
| |\  
| |/  
|/|   
* | 9844099 test 7
* | 2606f09 test 6
* | 8c71d6e test 5
* | decfff3 test 3
* | 6f819db test 2
* | 20ea257 Agregando cambios al main prueba
| * 124bfcb haciendo nejoras al readme del repositorio
| * 2d9b1d8 test
| * 795d4a5 test 4
| * 813bc52 test 1
| * 7abdc15 test
| * d4dbbee commit 2
| * 5006e32 Cambio de la segunda cuenta de git
|/  
* 530db83 Agregando git-flow image
* d365013 v1.0.0
* da18f2e Respaldando logs en el repisitorio
* 6b70515 Amendando otro parrafo
*   c688feb Resolviendo conflicto de estaciones del año
|\  
| * 2df724b Agregando las estaciones del año(pero sin inviernoD)
* | 0130624 Agregando estaciones del año con fecha
|/  
*   0c1573e Resolviendo conflicto merge main/html en el doc index.html
|\  
| * d83a5ac Agregando index.js al index.html
* | 8155103 Agregando style.css al index.html
* |   1bab48a Merge branch 'js'
|\ \  
| * | c1e1456 Creando index.js
* | | f8ae80b Crando style.css
| |/  
|/|   
* | ded4944 Creando index.html
|/  
* 91b5d46 Ignorar .exe
* fed32db Creando mi primera licencia del reporitorio
* 625ce26 Agregando mas contenido al README
* bd1e3c9 Agregando contenido al README con -m
* 8e7f146 Primer commit Luis Delorenzi 😎
